<?xml version="1.0" encoding="UTF-8"?>
<!-- Generated by org.testng.reporters.JUnitReportReporter -->
<testsuite hostname="Rajatkumars-MacBook-Pro.local" failures="0" tests="1" name="MobileTestinLaunch.AndroidSwipe" time="3.002" errors="0" timestamp="2025-04-25T23:33:18 EDT" skipped="0">
  <testcase classname="MobileTestinLaunch.AndroidSwipe" name="SwipeInApp" time="3.002"/>
  <system-out/>
</testsuite> <!-- MobileTestinLaunch.AndroidSwipe -->
