<?xml version="1.0" encoding="UTF-8"?>
<!-- Generated by org.testng.reporters.JUnitReportReporter -->
<testsuite hostname="Rajatkumars-MacBook-Pro.local" failures="0" tests="1" name="IOSUtil.IosBasicTest" time="5.239" errors="0" timestamp="23 Apr. 2025 03:01:49 GMT" skipped="0">
  <testcase classname="IOSUtil.IosBasicTest" name="IOSBasicTest" time="5.239"/>
</testsuite> <!-- IOSUtil.IosBasicTest -->
