<?xml version="1.0" encoding="UTF-8"?>
<!-- Generated by org.testng.reporters.JUnitReportReporter -->
<testsuite hostname="MacBookPro" failures="0" tests="1" name="MobileTestinLaunch.MobileLaunch" time="20.470" errors="0" timestamp="25 Dec. 2024 21:50:36 GMT" skipped="0">
  <testcase classname="MobileTestinLaunch.MobileLaunch" name="MobileTest" time="20.470"/>
</testsuite> <!-- MobileTestinLaunch.MobileLaunch -->
