<?xml version="1.0" encoding="UTF-8"?>
<!-- Generated by org.testng.reporters.JUnitReportReporter -->
<testsuite hostname="Rajatkumars-MacBook-Pro.local" failures="0" tests="1" name="MobileTestinLaunch.MobileLaunchScrollDemo" time="6.200" errors="0" timestamp="2025-04-25T22:26:24 EDT" skipped="0">
  <testcase classname="MobileTestinLaunch.MobileLaunchScrollDemo" name="ScrolleGesture" time="6.200"/>
  <system-out/>
</testsuite> <!-- MobileTestinLaunch.MobileLaunchScrollDemo -->
