<?xml version="1.0" encoding="UTF-8"?>
<!-- Generated by org.testng.reporters.JUnitReportReporter -->
<testsuite hostname="Rajatkumars-MacBook-Pro.local" failures="0" tests="1" name="IOSUtil.IosSliding" time="5.061" errors="0" timestamp="23 Apr. 2025 03:51:27 GMT" skipped="0">
  <testcase classname="IOSUtil.IosSliding" name="IOSBasicTest" time="5.061"/>
</testsuite> <!-- IOSUtil.IosSliding -->
