<?xml version="1.0" encoding="UTF-8"?>
<!-- Generated by org.testng.reporters.JUnitReportReporter -->
<testsuite hostname="Rajatkumars-MacBook-Pro.local" failures="0" tests="1" name="MobileTestinLaunch.LongPressAndroid" time="5.067" errors="0" timestamp="2025-04-25T22:24:02 EDT" skipped="0">
  <testcase classname="MobileTestinLaunch.LongPressAndroid" name="LongPress" time="5.067"/>
  <system-out/>
</testsuite> <!-- MobileTestinLaunch.LongPressAndroid -->
