<?xml version="1.0" encoding="UTF-8"?>
<!-- Generated by org.testng.reporters.JUnitReportReporter -->
<testsuite hostname="DESKTOP-ML248P1" failures="0" tests="1" name="MobileTestinLaunch.MobileLaunchLongPressGesture" time="11.188" errors="0" timestamp="25 Jan 2025 17:44:34 GMT" skipped="0">
  <testcase classname="MobileTestinLaunch.MobileLaunchLongPressGesture" name="LongPressGesture" time="11.188"/>
</testsuite> <!-- MobileTestinLaunch.MobileLaunchLongPressGesture -->
