<?xml version="1.0" encoding="UTF-8"?>
<!-- Generated by org.testng.reporters.JUnitReportReporter -->
<testsuite hostname="Rajatkumars-MacBook-Pro.local" failures="0" tests="1" name="IOSUtil.IosOpenAppBundleid" time="7.264" errors="0" timestamp="23 Apr. 2025 04:11:04 GMT" skipped="0">
  <testcase classname="IOSUtil.IosOpenAppBundleid" name="PhotoSlideDemo" time="7.264"/>
</testsuite> <!-- IOSUtil.IosOpenAppBundleid -->
