<?xml version="1.0" encoding="UTF-8"?>
<!-- Generated by org.testng.reporters.JUnitReportReporter -->
<testsuite hostname="Rajatkumars-MacBook-Pro.local" failures="0" tests="1" name="IOSUtil.IosLongTouch" time="9.822" errors="0" timestamp="23 Apr. 2025 03:24:45 GMT" skipped="0">
  <testcase classname="IOSUtil.IosLongTouch" name="LongTouchIos" time="9.822"/>
</testsuite> <!-- IOSUtil.IosLongTouch -->
