<?xml version="1.0" encoding="UTF-8"?>
<!-- Generated by org.testng.reporters.JUnitReportReporter -->
<testsuite hostname="DESKTOP-ML248P1" failures="0" tests="1" name="MobileTestinLaunch.MobileLaunchScrollDemo" time="8.793" errors="0" timestamp="25 Jan 2025 17:51:55 GMT" skipped="0">
  <testcase classname="MobileTestinLaunch.MobileLaunchScrollDemo" name="ScrolleGesture" time="8.793"/>
</testsuite> <!-- MobileTestinLaunch.MobileLaunchScrollDemo -->
